<?xml version="1.0" encoding="UTF-8"?>
<!-- Generated by org.testng.reporters.JUnitReportReporter -->
<testsuite skipped="0" hostname="DESKTOP-0I3ILBP" name="frontend.tests.TestCasesDemo" tests="3" failures="0" timestamp="29 sep 2022 22:22:46 GMT" time="30.054" errors="0">
  <testcase name="testPracticeForm" time="15.296" classname="frontend.tests.TestCasesDemo"/>
  <testcase name="testHome" time="8.731" classname="frontend.tests.TestCasesDemo"/>
  <testcase name="testForms" time="6.027" classname="frontend.tests.TestCasesDemo"/>
</testsuite> <!-- frontend.tests.TestCasesDemo -->
