<?xml version="1.0" encoding="UTF-8"?>
<!-- Generated by org.testng.reporters.JUnitReportReporter -->
<testsuite skipped="0" hostname="DESKTOP-0I3ILBP" name="backend.tests.RoomGetTest" tests="1" failures="0" timestamp="29 sep 2022 22:11:53 GMT" time="1.943" errors="0">
  <testcase name="testFieldsOfRoomsResponse" time="1.943" classname="backend.tests.RoomGetTest"/>
</testsuite> <!-- backend.tests.RoomGetTest -->
