<?xml version="1.0" encoding="UTF-8"?>
<!-- Generated by org.testng.reporters.JUnitReportReporter -->
<testsuite skipped="0" hostname="DESKTOP-0I3ILBP" name="frontend.tests.TestCasesAutomationPractice" tests="5" failures="0" timestamp="29 sep 2022 22:22:46 GMT" time="96.230" errors="0">
  <testcase name="testTwo" time="12.719" classname="frontend.tests.TestCasesAutomationPractice"/>
  <testcase name="testThree" time="13.091" classname="frontend.tests.TestCasesAutomationPractice"/>
  <testcase name="testOne" time="12.179" classname="frontend.tests.TestCasesAutomationPractice"/>
  <testcase name="testFour" time="17.690" classname="frontend.tests.TestCasesAutomationPractice"/>
  <testcase name="testFive" time="40.551" classname="frontend.tests.TestCasesAutomationPractice"/>
</testsuite> <!-- frontend.tests.TestCasesAutomationPractice -->
